app/build/intermediates/manifest_merge_blame_file/debug/manifest-merger-blame-debug-report.txt
1<?xml version="1.0" encoding="utf-8"?>
2<manifest xmlns:android="http://schemas.android.com/apk/res/android"
3    package="me.createbitcoins.androidbitcoingenerator"
4    android:compileSdkVersion="28"
5    android:compileSdkVersionCodename="9"
6    android:versionCode="4"
7    android:versionName="1.21.4" >
8
9    <uses-sdk
10        android:minSdkVersion="15"
10-->src/main/AndroidManifest.xml
11        android:targetSdkVersion="28" />
11-->src/main/AndroidManifest.xml
12
13    <uses-permission android:name="android.permission.INTERNET" />
13-->src/main/AndroidManifest.xml:6:5-66
13-->src/main/AndroidManifest.xml:6:22-64
14    <uses-permission android:name="android.permission.ACCESS_NETWORK_STATE" />
14-->src/main/AndroidManifest.xml:7:5-78
14-->src/main/AndroidManifest.xml:7:22-76
15
16    <application
16-->src/main/AndroidManifest.xml:8:5-18:19
17        android:allowBackup="true"
17-->src/main/AndroidManifest.xml:8:118-144
18        android:appComponentFactory="androidx.core.app.CoreComponentFactory"
18-->src/main/AndroidManifest.xml:8:218-286
19        android:debuggable="true"
20        android:icon="@mipmap/ic_launcher"
20-->src/main/AndroidManifest.xml:8:83-117
21        android:label="@string/app_name"
21-->src/main/AndroidManifest.xml:8:50-82
22        android:roundIcon="@mipmap/ic_launcher_round"
22-->src/main/AndroidManifest.xml:8:172-217
23        android:supportsRtl="true"
23-->src/main/AndroidManifest.xml:8:145-171
24        android:theme="@style/AppTheme" >
24-->src/main/AndroidManifest.xml:8:18-49
25        <activity
25-->src/main/AndroidManifest.xml:10:9-17:20
26            android:name="p065me.createbitcoins.androidbitcoingenerator.MainActivity"
26-->src/main/AndroidManifest.xml:10:63-136
27            android:configChanges="orientation"
27-->src/main/AndroidManifest.xml:10:174-209
28            android:exported="true"
28-->src/main/AndroidManifest.xml:12:13-36
29            android:screenOrientation="portrait"
29-->src/main/AndroidManifest.xml:10:137-173
30            android:theme="@style/AppTheme.NoActionBar" >
30-->src/main/AndroidManifest.xml:10:19-62
31            <intent-filter>
31-->src/main/AndroidManifest.xml:13:13-16:29
32                <action android:name="android.intent.action.MAIN" />
32-->src/main/AndroidManifest.xml:14:17-68
32-->src/main/AndroidManifest.xml:14:25-66
33
34                <category android:name="android.intent.category.LAUNCHER" />
34-->src/main/AndroidManifest.xml:15:17-76
34-->src/main/AndroidManifest.xml:15:27-74
35            </intent-filter>
36        </activity>
37    </application>
38
39</manifest>